OpenRedmine/outputs/logs/manifest-merger-release-report.txt
-- Merging decision tree log ---
manifest
ADDED from src/main/AndroidManifest.xml:2:1-87:12
INJECTED from src/main/AndroidManifest.xml:2:1-87:12
INJECTED from src/main/AndroidManifest.xml:2:1-87:12
MERGED from [com.andreabaccega:android-form-edittext:1.2.1] AndroidManifest.xml:2:1-13:12
MERGED from [com.android.support:design:25.3.1] AndroidManifest.xml:17:1-31:12
MERGED from [com.android.support:appcompat-v7:25.3.1] AndroidManifest.xml:17:1-31:12
MERGED from [com.android.support:transition:25.3.1] AndroidManifest.xml:17:1-28:12
MERGED from [com.android.support:support-v4:25.3.1] AndroidManifest.xml:17:1-31:12
MERGED from [com.android.support:support-fragment:25.3.1] AndroidManifest.xml:17:1-31:12
MERGED from [com.android.support:animated-vector-drawable:25.3.1] AndroidManifest.xml:17:1-28:12
MERGED from [com.github.mtotschnig:StickyListHeaders:2.7.1] AndroidManifest.xml:2:1-11:12
MERGED from [com.android.support:support-vector-drawable:25.3.1] AndroidManifest.xml:17:1-28:12
MERGED from [com.android.support:support-media-compat:25.3.1] AndroidManifest.xml:17:1-31:12
MERGED from [com.android.support:recyclerview-v7:25.3.1] AndroidManifest.xml:17:1-26:12
MERGED from [com.android.support:support-core-ui:25.3.1] AndroidManifest.xml:17:1-31:12
MERGED from [com.android.support:support-core-utils:25.3.1] AndroidManifest.xml:17:1-31:12
MERGED from [com.android.support:support-compat:25.3.1] AndroidManifest.xml:17:1-31:12
INJECTED from src/main/AndroidManifest.xml:2:1-87:12
INJECTED from src/main/AndroidManifest.xml:2:1-87:12
	package
		ADDED from src/main/AndroidManifest.xml:4:5-39
	android:versionName
		INJECTED from src/main/AndroidManifest.xml
		ADDED from src/main/AndroidManifest.xml:2:1-87:12
		INJECTED from src/main/AndroidManifest.xml
	xmlns:tools
		ADDED from src/main/AndroidManifest.xml:3:5-51
	android:versionCode
		INJECTED from src/main/AndroidManifest.xml
		ADDED from src/main/AndroidManifest.xml:2:1-87:12
		INJECTED from src/main/AndroidManifest.xml
	xmlns:android
		ADDED from src/main/AndroidManifest.xml:2:11-69
	android:installLocation
		ADDED from src/main/AndroidManifest.xml:5:2-32
uses-permission#android.permission.INTERNET
ADDED from src/main/AndroidManifest.xml:7:5-67
	android:name
		ADDED from src/main/AndroidManifest.xml:7:22-64
uses-permission#android.permission.VIBRATE
ADDED from src/main/AndroidManifest.xml:8:5-66
	android:name
		ADDED from src/main/AndroidManifest.xml:8:22-63
uses-permission#android.permission.WRITE_EXTERNAL_STORAGE
ADDED from src/main/AndroidManifest.xml:9:2-77
	android:name
		ADDED from src/main/AndroidManifest.xml:9:19-75
uses-permission#android.permission.DOWNLOAD_WITHOUT_NOTIFICATION
ADDED from src/main/AndroidManifest.xml:10:2-85
	android:name
		ADDED from src/main/AndroidManifest.xml:10:19-82
application
ADDED from src/main/AndroidManifest.xml:12:5-85:19
MERGED from [com.andreabaccega:android-form-edittext:1.2.1] AndroidManifest.xml:11:5-20
MERGED from [com.andreabaccega:android-form-edittext:1.2.1] AndroidManifest.xml:11:5-20
MERGED from [com.android.support:design:25.3.1] AndroidManifest.xml:29:5-20
MERGED from [com.android.support:design:25.3.1] AndroidManifest.xml:29:5-20
MERGED from [com.android.support:appcompat-v7:25.3.1] AndroidManifest.xml:29:5-20
MERGED from [com.android.support:appcompat-v7:25.3.1] AndroidManifest.xml:29:5-20
MERGED from [com.android.support:transition:25.3.1] AndroidManifest.xml:26:5-20
MERGED from [com.android.support:transition:25.3.1] AndroidManifest.xml:26:5-20
MERGED from [com.android.support:support-v4:25.3.1] AndroidManifest.xml:29:5-20
MERGED from [com.android.support:support-v4:25.3.1] AndroidManifest.xml:29:5-20
MERGED from [com.android.support:support-fragment:25.3.1] AndroidManifest.xml:29:5-20
MERGED from [com.android.support:support-fragment:25.3.1] AndroidManifest.xml:29:5-20
MERGED from [com.android.support:animated-vector-drawable:25.3.1] AndroidManifest.xml:26:5-20
MERGED from [com.android.support:animated-vector-drawable:25.3.1] AndroidManifest.xml:26:5-20
MERGED from [com.android.support:support-vector-drawable:25.3.1] AndroidManifest.xml:26:5-20
MERGED from [com.android.support:support-vector-drawable:25.3.1] AndroidManifest.xml:26:5-20
MERGED from [com.android.support:support-media-compat:25.3.1] AndroidManifest.xml:29:5-20
MERGED from [com.android.support:support-media-compat:25.3.1] AndroidManifest.xml:29:5-20
MERGED from [com.android.support:support-core-ui:25.3.1] AndroidManifest.xml:29:5-20
MERGED from [com.android.support:support-core-ui:25.3.1] AndroidManifest.xml:29:5-20
MERGED from [com.android.support:support-core-utils:25.3.1] AndroidManifest.xml:29:5-20
MERGED from [com.android.support:support-core-utils:25.3.1] AndroidManifest.xml:29:5-20
MERGED from [com.android.support:support-compat:25.3.1] AndroidManifest.xml:29:5-20
MERGED from [com.android.support:support-compat:25.3.1] AndroidManifest.xml:29:5-20
	android:label
		ADDED from src/main/AndroidManifest.xml:14:3-35
	android:allowClearUserData
		ADDED from src/main/AndroidManifest.xml:17:3-36
	android:fullBackupContent
		ADDED from src/main/AndroidManifest.xml:16:3-35
	tools:ignore
		ADDED from src/main/AndroidManifest.xml:22:3-33
	android:installLocation
		ADDED from src/main/AndroidManifest.xml:18:3-33
	android:icon
		ADDED from src/main/AndroidManifest.xml:13:3-39
	android:allowBackup
		ADDED from src/main/AndroidManifest.xml:15:3-29
	android:description
		ADDED from src/main/AndroidManifest.xml:19:3-48
	android:restoreNeedsApplication
		ADDED from src/main/AndroidManifest.xml:21:3-41
	android:usesCleartextTraffic
		ADDED from src/main/AndroidManifest.xml:20:3-38
activity#jp.redmine.redmineclient.activity.SplashActivity
ADDED from src/main/AndroidManifest.xml:23:9-29:20
	android:configChanges
		ADDED from src/main/AndroidManifest.xml:24:12-73
	android:name
		ADDED from src/main/AndroidManifest.xml:23:19-58
intent-filter#action:name:android.intent.action.MAIN+category:name:android.intent.category.LAUNCHER
ADDED from src/main/AndroidManifest.xml:25:13-28:29
action#android.intent.action.MAIN
ADDED from src/main/AndroidManifest.xml:26:17-69
	android:name
		ADDED from src/main/AndroidManifest.xml:26:25-66
category#android.intent.category.LAUNCHER
ADDED from src/main/AndroidManifest.xml:27:17-77
	android:name
		ADDED from src/main/AndroidManifest.xml:27:27-74
activity#jp.redmine.redmineclient.activity.CommonPreferenceActivity
ADDED from src/main/AndroidManifest.xml:30:9-38:20
	android:label
		ADDED from src/main/AndroidManifest.xml:31:5-42
	android:exported
		ADDED from src/main/AndroidManifest.xml:32:5-29
	android:configChanges
		ADDED from src/main/AndroidManifest.xml:33:5-66
	android:name
		ADDED from src/main/AndroidManifest.xml:30:19-68
intent-filter#action:name:android.intent.action.MANAGE_NETWORK_USAGE+category:name:android.intent.category.DEFAULT
ADDED from src/main/AndroidManifest.xml:34:4-37:20
action#android.intent.action.MANAGE_NETWORK_USAGE
ADDED from src/main/AndroidManifest.xml:35:5-73
	android:name
		ADDED from src/main/AndroidManifest.xml:35:13-70
category#android.intent.category.DEFAULT
ADDED from src/main/AndroidManifest.xml:36:5-64
	android:name
		ADDED from src/main/AndroidManifest.xml:36:15-61
activity#jp.redmine.redmineclient.activity.ConnectionListActivity
ADDED from src/main/AndroidManifest.xml:39:9-41:6
	android:configChanges
		ADDED from src/main/AndroidManifest.xml:40:19-80
	android:name
		ADDED from src/main/AndroidManifest.xml:39:19-66
activity#jp.redmine.redmineclient.activity.ConnectionActivity
ADDED from src/main/AndroidManifest.xml:42:6-44:6
	android:configChanges
		ADDED from src/main/AndroidManifest.xml:43:23-84
	android:name
		ADDED from src/main/AndroidManifest.xml:42:16-59
activity#jp.redmine.redmineclient.activity.ConnectionEditActivity
ADDED from src/main/AndroidManifest.xml:45:3-47:6
	android:configChanges
		ADDED from src/main/AndroidManifest.xml:46:20-81
	android:name
		ADDED from src/main/AndroidManifest.xml:45:13-60
activity#jp.redmine.redmineclient.activity.ProjectActivity
ADDED from src/main/AndroidManifest.xml:48:6-50:6
	android:configChanges
		ADDED from src/main/AndroidManifest.xml:49:16-77
	android:name
		ADDED from src/main/AndroidManifest.xml:48:16-56
activity#jp.redmine.redmineclient.activity.IssueActivity
ADDED from src/main/AndroidManifest.xml:51:6-53:6
	android:configChanges
		ADDED from src/main/AndroidManifest.xml:52:23-84
	android:name
		ADDED from src/main/AndroidManifest.xml:51:16-54
activity#jp.redmine.redmineclient.activity.IssueFilterActivity
ADDED from src/main/AndroidManifest.xml:54:6-56:6
	android:configChanges
		ADDED from src/main/AndroidManifest.xml:55:16-77
	android:name
		ADDED from src/main/AndroidManifest.xml:54:16-60
activity#jp.redmine.redmineclient.activity.WikiViewActivity
ADDED from src/main/AndroidManifest.xml:57:3-59:6
	android:configChanges
		ADDED from src/main/AndroidManifest.xml:58:27-88
	android:name
		ADDED from src/main/AndroidManifest.xml:57:13-54
activity#jp.redmine.redmineclient.activity.ConnectionNaviActivity
ADDED from src/main/AndroidManifest.xml:60:9-62:6
	android:configChanges
		ADDED from src/main/AndroidManifest.xml:61:5-66
	android:name
		ADDED from src/main/AndroidManifest.xml:60:19-66
activity#jp.redmine.redmineclient.activity.FilterViewActivity
ADDED from src/main/AndroidManifest.xml:63:9-65:6
	android:configChanges
		ADDED from src/main/AndroidManifest.xml:64:12-73
	android:name
		ADDED from src/main/AndroidManifest.xml:63:19-62
activity#jp.redmine.redmineclient.activity.AttachmentActivity
ADDED from src/main/AndroidManifest.xml:66:3-68:6
	android:configChanges
		ADDED from src/main/AndroidManifest.xml:67:7-68
	android:name
		ADDED from src/main/AndroidManifest.xml:66:13-56
activity#jp.redmine.redmineclient.activity.TimeEntryActivity
ADDED from src/main/AndroidManifest.xml:69:3-71:6
	android:configChanges
		ADDED from src/main/AndroidManifest.xml:70:7-68
	android:name
		ADDED from src/main/AndroidManifest.xml:69:13-55
activity#jp.redmine.redmineclient.activity.KanbanActivity
ADDED from src/main/AndroidManifest.xml:72:3-74:6
	android:configChanges
		ADDED from src/main/AndroidManifest.xml:73:7-68
	android:name
		ADDED from src/main/AndroidManifest.xml:72:13-52
activity#jp.redmine.redmineclient.activity.AboutActivity
ADDED from src/main/AndroidManifest.xml:75:3-77:6
	android:configChanges
		ADDED from src/main/AndroidManifest.xml:76:7-68
	android:name
		ADDED from src/main/AndroidManifest.xml:75:13-51
activity#jp.redmine.redmineclient.activity.WebViewActivity
ADDED from src/main/AndroidManifest.xml:78:3-79:71
	android:configChanges
		ADDED from src/main/AndroidManifest.xml:79:7-68
	android:name
		ADDED from src/main/AndroidManifest.xml:78:13-53
provider#jp.redmine.redmineclient.provider.Attachment
ADDED from src/main/AndroidManifest.xml:80:3-84:6
	android:authorities
		ADDED from src/main/AndroidManifest.xml:82:4-61
	tools:ignore
		ADDED from src/main/AndroidManifest.xml:83:4-42
	android:name
		ADDED from src/main/AndroidManifest.xml:81:4-39
uses-sdk
INJECTED from src/main/AndroidManifest.xml reason: use-sdk injection requested
INJECTED from src/main/AndroidManifest.xml
INJECTED from src/main/AndroidManifest.xml
MERGED from [com.andreabaccega:android-form-edittext:1.2.1] AndroidManifest.xml:7:5-9:41
MERGED from [com.andreabaccega:android-form-edittext:1.2.1] AndroidManifest.xml:7:5-9:41
MERGED from [com.android.support:design:25.3.1] AndroidManifest.xml:21:5-23:62
MERGED from [com.android.support:design:25.3.1] AndroidManifest.xml:21:5-23:62
MERGED from [com.android.support:appcompat-v7:25.3.1] AndroidManifest.xml:21:5-23:78
MERGED from [com.android.support:appcompat-v7:25.3.1] AndroidManifest.xml:21:5-23:78
MERGED from [com.android.support:transition:25.3.1] AndroidManifest.xml:20:5-44
MERGED from [com.android.support:transition:25.3.1] AndroidManifest.xml:20:5-44
MERGED from [com.android.support:support-v4:25.3.1] AndroidManifest.xml:21:5-23:54
MERGED from [com.android.support:support-v4:25.3.1] AndroidManifest.xml:21:5-23:54
MERGED from [com.android.support:support-fragment:25.3.1] AndroidManifest.xml:21:5-23:60
MERGED from [com.android.support:support-fragment:25.3.1] AndroidManifest.xml:21:5-23:60
MERGED from [com.android.support:animated-vector-drawable:25.3.1] AndroidManifest.xml:20:5-44
MERGED from [com.android.support:animated-vector-drawable:25.3.1] AndroidManifest.xml:20:5-44
MERGED from [com.github.mtotschnig:StickyListHeaders:2.7.1] AndroidManifest.xml:7:5-9:41
MERGED from [com.github.mtotschnig:StickyListHeaders:2.7.1] AndroidManifest.xml:7:5-9:41
MERGED from [com.android.support:support-vector-drawable:25.3.1] AndroidManifest.xml:20:5-43
MERGED from [com.android.support:support-vector-drawable:25.3.1] AndroidManifest.xml:20:5-43
MERGED from [com.android.support:support-media-compat:25.3.1] AndroidManifest.xml:21:5-23:63
MERGED from [com.android.support:support-media-compat:25.3.1] AndroidManifest.xml:21:5-23:63
MERGED from [com.android.support:recyclerview-v7:25.3.1] AndroidManifest.xml:20:5-43
MERGED from [com.android.support:recyclerview-v7:25.3.1] AndroidManifest.xml:20:5-43
MERGED from [com.android.support:support-core-ui:25.3.1] AndroidManifest.xml:21:5-23:58
MERGED from [com.android.support:support-core-ui:25.3.1] AndroidManifest.xml:21:5-23:58
MERGED from [com.android.support:support-core-utils:25.3.1] AndroidManifest.xml:21:5-23:61
MERGED from [com.android.support:support-core-utils:25.3.1] AndroidManifest.xml:21:5-23:61
MERGED from [com.android.support:support-compat:25.3.1] AndroidManifest.xml:21:5-23:58
MERGED from [com.android.support:support-compat:25.3.1] AndroidManifest.xml:21:5-23:58
INJECTED from src/main/AndroidManifest.xml
INJECTED from src/main/AndroidManifest.xml
	tools:overrideLibrary
		ADDED from [com.android.support:design:25.3.1] AndroidManifest.xml:23:9-59
	android:targetSdkVersion
		INJECTED from src/main/AndroidManifest.xml
		ADDED from src/main/AndroidManifest.xml
		INJECTED from src/main/AndroidManifest.xml
	android:minSdkVersion
		INJECTED from src/main/AndroidManifest.xml
		ADDED from src/main/AndroidManifest.xml
		INJECTED from src/main/AndroidManifest.xml
meta-data#android.support.VERSION
ADDED from [com.android.support:design:25.3.1] AndroidManifest.xml:25:5-27:34
MERGED from [com.android.support:appcompat-v7:25.3.1] AndroidManifest.xml:25:5-27:34
MERGED from [com.android.support:appcompat-v7:25.3.1] AndroidManifest.xml:25:5-27:34
MERGED from [com.android.support:transition:25.3.1] AndroidManifest.xml:22:5-24:34
MERGED from [com.android.support:transition:25.3.1] AndroidManifest.xml:22:5-24:34
MERGED from [com.android.support:support-v4:25.3.1] AndroidManifest.xml:25:5-27:34
MERGED from [com.android.support:support-v4:25.3.1] AndroidManifest.xml:25:5-27:34
MERGED from [com.android.support:support-fragment:25.3.1] AndroidManifest.xml:25:5-27:34
MERGED from [com.android.support:support-fragment:25.3.1] AndroidManifest.xml:25:5-27:34
MERGED from [com.android.support:animated-vector-drawable:25.3.1] AndroidManifest.xml:22:5-24:34
MERGED from [com.android.support:animated-vector-drawable:25.3.1] AndroidManifest.xml:22:5-24:34
MERGED from [com.android.support:support-vector-drawable:25.3.1] AndroidManifest.xml:22:5-24:34
MERGED from [com.android.support:support-vector-drawable:25.3.1] AndroidManifest.xml:22:5-24:34
MERGED from [com.android.support:support-media-compat:25.3.1] AndroidManifest.xml:25:5-27:34
MERGED from [com.android.support:support-media-compat:25.3.1] AndroidManifest.xml:25:5-27:34
MERGED from [com.android.support:recyclerview-v7:25.3.1] AndroidManifest.xml:22:5-24:34
MERGED from [com.android.support:recyclerview-v7:25.3.1] AndroidManifest.xml:22:5-24:34
MERGED from [com.android.support:support-core-ui:25.3.1] AndroidManifest.xml:25:5-27:34
MERGED from [com.android.support:support-core-ui:25.3.1] AndroidManifest.xml:25:5-27:34
MERGED from [com.android.support:support-core-utils:25.3.1] AndroidManifest.xml:25:5-27:34
MERGED from [com.android.support:support-core-utils:25.3.1] AndroidManifest.xml:25:5-27:34
MERGED from [com.android.support:support-compat:25.3.1] AndroidManifest.xml:25:5-27:34
MERGED from [com.android.support:support-compat:25.3.1] AndroidManifest.xml:25:5-27:34
	android:value
		ADDED from [com.android.support:design:25.3.1] AndroidManifest.xml:27:9-31
	android:name
		ADDED from [com.android.support:design:25.3.1] AndroidManifest.xml:26:9-47